<?xml version="1.0" encoding="UTF-8"?>
<testsuite xmlns:xsi="http://www.w3.org/2001/XMLSchema-instance" xsi:noNamespaceSchemaLocation="https://maven.apache.org/surefire/maven-surefire-plugin/xsd/surefire-test-report.xsd" name="fr.univ_orleans.iut45.menus.AppTest" time="0" tests="2" errors="0" skipped="0" failures="0">
  <properties>
    <property name="java.specification.version" value="19"/>
    <property name="sun.jnu.encoding" value="UTF-8"/>
    <property name="java.class.path" value="/home/florent/travail/iut/cours_qualite_iuto/TPN/menus/target/test-classes:/home/florent/travail/iut/cours_qualite_iuto/TPN/menus/target/classes:/home/florent/.m2/repository/com/google/code/gson/gson/2.10.1/gson-2.10.1.jar:/home/florent/.m2/repository/junit/junit/4.13.2/junit-4.13.2.jar:/home/florent/.m2/repository/org/hamcrest/hamcrest-core/1.3/hamcrest-core-1.3.jar:"/>
    <property name="java.vm.vendor" value="Oracle Corporation"/>
    <property name="sun.arch.data.model" value="64"/>
    <property name="java.vendor.url" value="https://openjdk.java.net/"/>
    <property name="os.name" value="Linux"/>
    <property name="java.vm.specification.version" value="19"/>
    <property name="sun.java.launcher" value="SUN_STANDARD"/>
    <property name="user.country" value="FR"/>
    <property name="sun.boot.library.path" value="/nix/store/6g5q62wafkpg0p3w854vc9yxy9bsnwi5-openjdk-19.0.2+7/lib/openjdk/lib"/>
    <property name="sun.java.command" value="/home/florent/travail/iut/cours_qualite_iuto/TPN/menus/target/surefire/surefirebooter4190895890254065314.jar /home/florent/travail/iut/cours_qualite_iuto/TPN/menus/target/surefire 2024-03-27T14-09-58_726-jvmRun1 surefire12107981505206859513tmp surefire_013705441726053234593tmp"/>
    <property name="jdk.debug" value="release"/>
    <property name="surefire.test.class.path" value="/home/florent/travail/iut/cours_qualite_iuto/TPN/menus/target/test-classes:/home/florent/travail/iut/cours_qualite_iuto/TPN/menus/target/classes:/home/florent/.m2/repository/com/google/code/gson/gson/2.10.1/gson-2.10.1.jar:/home/florent/.m2/repository/junit/junit/4.13.2/junit-4.13.2.jar:/home/florent/.m2/repository/org/hamcrest/hamcrest-core/1.3/hamcrest-core-1.3.jar:"/>
    <property name="sun.cpu.endian" value="little"/>
    <property name="user.home" value="/home/florent"/>
    <property name="user.language" value="fr"/>
    <property name="java.specification.vendor" value="Oracle Corporation"/>
    <property name="java.version.date" value="2023-01-17"/>
    <property name="java.home" value="/nix/store/6g5q62wafkpg0p3w854vc9yxy9bsnwi5-openjdk-19.0.2+7/lib/openjdk"/>
    <property name="file.separator" value="/"/>
    <property name="basedir" value="/home/florent/travail/iut/cours_qualite_iuto/TPN/menus"/>
    <property name="java.vm.compressedOopsMode" value="Zero based"/>
    <property name="line.separator" value="&#10;"/>
    <property name="java.specification.name" value="Java Platform API Specification"/>
    <property name="java.vm.specification.vendor" value="Oracle Corporation"/>
    <property name="surefire.real.class.path" value="/home/florent/travail/iut/cours_qualite_iuto/TPN/menus/target/surefire/surefirebooter4190895890254065314.jar"/>
    <property name="sun.management.compiler" value="HotSpot 64-Bit Tiered Compilers"/>
    <property name="java.runtime.version" value="19.0.2+7-nixos"/>
    <property name="user.name" value="florent"/>
    <property name="stdout.encoding" value="UTF-8"/>
    <property name="path.separator" value=":"/>
    <property name="os.version" value="6.1.79"/>
    <property name="java.runtime.name" value="OpenJDK Runtime Environment"/>
    <property name="file.encoding" value="UTF-8"/>
    <property name="java.vm.name" value="OpenJDK 64-Bit Server VM"/>
    <property name="localRepository" value="/home/florent/.m2/repository"/>
    <property name="java.vendor.url.bug" value="https://bugreport.java.com/bugreport/"/>
    <property name="java.io.tmpdir" value="/tmp"/>
    <property name="java.version" value="19.0.2"/>
    <property name="user.dir" value="/home/florent/travail/iut/cours_qualite_iuto/TPN/menus"/>
    <property name="os.arch" value="amd64"/>
    <property name="java.vm.specification.name" value="Java Virtual Machine Specification"/>
    <property name="native.encoding" value="UTF-8"/>
    <property name="java.library.path" value="/usr/java/packages/lib:/usr/lib64:/lib64:/lib:/usr/lib"/>
    <property name="java.vm.info" value="mixed mode, sharing"/>
    <property name="stderr.encoding" value="UTF-8"/>
    <property name="java.vendor" value="N/A"/>
    <property name="java.vm.version" value="19.0.2+7-nixos"/>
    <property name="sun.io.unicode.encoding" value="UnicodeLittle"/>
    <property name="java.class.version" value="63.0"/>
  </properties>
  <testcase name="testPrixPlats" classname="fr.univ_orleans.iut45.menus.AppTest" time="0"/>
  <testcase name="testListeEntrees" classname="fr.univ_orleans.iut45.menus.AppTest" time="0"/>
</testsuite>